<?xml version="1.0" encoding="UTF-8"?>
<!-- Generated by org.testng.reporters.JUnitXMLReporter -->
<testsuite hostname="LAPTOP-CRH4A90H" ignored="7" name="Default test" tests="2" failures="0" timestamp="2024-02-18T12:35:32 IST" time="10.577" errors="0">
  <testcase name="VerifyCreateChangeRequestBasics" time="7.589" classname="com.techurate.api.servicenow.VerifyCreateChangeRequest"/>
  <testcase name="VerifyGetChangeRequestBasic" time="2.795" classname="com.techurate.api.servicenow.VerifyGetChangeRequest"/>
  <testcase name="@AfterSuite endResult" time="0.0" classname="com.techurate.api.utilites.ExtentReportManager">
    <ignored/>
  </testcase> <!-- @AfterSuite endResult -->
  <testcase name="VerifyCreateChangeRequestUsingQueryParams" time="0.0" classname="com.techurate.api.servicenow.VerifyCreateChangeRequest">
    <ignored/>
  </testcase> <!-- VerifyCreateChangeRequestUsingQueryParams -->
  <testcase name="@BeforeSuite setUp" time="0.0" classname="com.techurate.api.services.PreAndPostTest">
    <ignored/>
  </testcase> <!-- @BeforeSuite setUp -->
  <testcase name="VerifyCreateChangeRequestUsingQueryParam" time="0.0" classname="com.techurate.api.servicenow.VerifyCreateChangeRequest">
    <ignored/>
  </testcase> <!-- VerifyCreateChangeRequestUsingQueryParam -->
  <testcase name="@BeforeSuite startReport" time="0.0" classname="com.techurate.api.utilites.ExtentReportManager">
    <ignored/>
  </testcase> <!-- @BeforeSuite startReport -->
  <testcase name="VerifyCreateChangeRequestUsingQueryParams" time="0.0" classname="com.techurate.api.servicenow.VerifyGetChangeRequest">
    <ignored/>
  </testcase> <!-- VerifyCreateChangeRequestUsingQueryParams -->
  <testcase name="VerifyCreateChangeRequestUsingQueryParam" time="0.0" classname="com.techurate.api.servicenow.VerifyGetChangeRequest">
    <ignored/>
  </testcase> <!-- VerifyCreateChangeRequestUsingQueryParam -->
</testsuite> <!-- Default test -->
